Determining if the pthread_create exist failed with the following output:
Change Dir: /home/yyy/catkin_ws/build/CMakeFiles/CMakeTmp

Run Build Command:"/usr/bin/make" "cmTC_aa977/fast"
/usr/bin/make -f CMakeFiles/cmTC_aa977.dir/build.make CMakeFiles/cmTC_aa977.dir/build
make[1]: Entering directory '/home/yyy/catkin_ws/build/CMakeFiles/CMakeTmp'
Building C object CMakeFiles/cmTC_aa977.dir/CheckSymbolExists.c.o
/usr/bin/cc     -o CMakeFiles/cmTC_aa977.dir/CheckSymbolExists.c.o   -c /home/yyy/catkin_ws/build/CMakeFiles/CMakeTmp/CheckSymbolExists.c
Linking C executable cmTC_aa977
/usr/bin/cmake -E cmake_link_script CMakeFiles/cmTC_aa977.dir/link.txt --verbose=1
/usr/bin/cc       CMakeFiles/cmTC_aa977.dir/CheckSymbolExists.c.o  -o cmTC_aa977 -rdynamic 
CMakeFiles/cmTC_aa977.dir/CheckSymbolExists.c.o：在函数‘main’中：
CheckSymbolExists.c:(.text+0x16)：对‘pthread_create’未定义的引用
collect2: error: ld returned 1 exit status
CMakeFiles/cmTC_aa977.dir/build.make:97: recipe for target 'cmTC_aa977' failed
make[1]: *** [cmTC_aa977] Error 1
make[1]: Leaving directory '/home/yyy/catkin_ws/build/CMakeFiles/CMakeTmp'
Makefile:126: recipe for target 'cmTC_aa977/fast' failed
make: *** [cmTC_aa977/fast] Error 2

File /home/yyy/catkin_ws/build/CMakeFiles/CMakeTmp/CheckSymbolExists.c:
/* */
#include <pthread.h>

int main(int argc, char** argv)
{
  (void)argv;
#ifndef pthread_create
  return ((int*)(&pthread_create))[argc];
#else
  (void)argc;
  return 0;
#endif
}

Determining if the function pthread_create exists in the pthreads failed with the following output:
Change Dir: /home/yyy/catkin_ws/build/CMakeFiles/CMakeTmp

Run Build Command:"/usr/bin/make" "cmTC_e2a2b/fast"
/usr/bin/make -f CMakeFiles/cmTC_e2a2b.dir/build.make CMakeFiles/cmTC_e2a2b.dir/build
make[1]: Entering directory '/home/yyy/catkin_ws/build/CMakeFiles/CMakeTmp'
Building C object CMakeFiles/cmTC_e2a2b.dir/CheckFunctionExists.c.o
/usr/bin/cc    -DCHECK_FUNCTION_EXISTS=pthread_create   -o CMakeFiles/cmTC_e2a2b.dir/CheckFunctionExists.c.o   -c /usr/share/cmake-3.5/Modules/CheckFunctionExists.c
Linking C executable cmTC_e2a2b
/usr/bin/cmake -E cmake_link_script CMakeFiles/cmTC_e2a2b.dir/link.txt --verbose=1
/usr/bin/cc   -DCHECK_FUNCTION_EXISTS=pthread_create    CMakeFiles/cmTC_e2a2b.dir/CheckFunctionExists.c.o  -o cmTC_e2a2b -rdynamic -lpthreads 
/usr/bin/ld: 找不到 -lpthreads
collect2: error: ld returned 1 exit status
CMakeFiles/cmTC_e2a2b.dir/build.make:97: recipe for target 'cmTC_e2a2b' failed
make[1]: *** [cmTC_e2a2b] Error 1
make[1]: Leaving directory '/home/yyy/catkin_ws/build/CMakeFiles/CMakeTmp'
Makefile:126: recipe for target 'cmTC_e2a2b/fast' failed
make: *** [cmTC_e2a2b/fast] Error 2


